{
  "RSpec": {
    "coverage": {
      "/var/www/html/funbox/fb_app/app/models/user.rb": [
        1,
        1,
        null
      ],
      "/var/www/html/funbox/fb_app/app/models/application_record.rb": [
        1,
        1,
        null
      ],
      "/var/www/html/funbox/fb_app/app/controllers/welcome_controller.rb": [
        1,
        1,
        null,
        null
      ],
      "/var/www/html/funbox/fb_app/app/controllers/application_controller.rb": [
        1,
        1,
        null,
        1,
        2,
        null,
        null,
        1,
        0,
        null,
        null
      ],
      "/var/www/html/funbox/fb_app/app/helpers/application_helper.rb": [
        1,
        null
      ],
      "/var/www/html/funbox/fb_app/app/helpers/admin_helper.rb": [
        1,
        null
      ],
      "/var/www/html/funbox/fb_app/app/helpers/session_helper.rb": [
        1,
        null
      ],
      "/var/www/html/funbox/fb_app/app/helpers/users_helper.rb": [
        1,
        null
      ],
      "/var/www/html/funbox/fb_app/app/helpers/welcome_helper.rb": [
        1,
        null
      ],
      "/var/www/html/funbox/fb_app/app/models/exchange_rate.rb": [
        1,
        1,
        1,
        null,
        1,
        null,
        null
      ],
      "/var/www/html/funbox/fb_app/app/models/currencies_relation.rb": [
        1,
        1,
        1,
        null
      ],
      "/var/www/html/funbox/fb_app/app/channels/application_cable/channel.rb": [
        0,
        0,
        0,
        0
      ],
      "/var/www/html/funbox/fb_app/app/channels/application_cable/connection.rb": [
        0,
        0,
        0,
        0
      ],
      "/var/www/html/funbox/fb_app/app/mailers/application_mailer.rb": [
        0,
        0,
        0,
        0
      ],
      "/var/www/html/funbox/fb_app/app/controllers/users_controller.rb": [
        0,
        0,
        0,
        0,
        null,
        0,
        0,
        0,
        0,
        0,
        0,
        0,
        0,
        0,
        null,
        0,
        0,
        0,
        0
      ],
      "/var/www/html/funbox/fb_app/app/controllers/admins_controller.rb": [
        0,
        null,
        0,
        null,
        0,
        0,
        0,
        null,
        null,
        0
      ],
      "/var/www/html/funbox/fb_app/app/controllers/sessions_controller.rb": [
        0,
        0,
        0,
        null,
        0,
        0,
        0,
        0,
        0,
        0,
        0,
        0,
        0,
        null,
        0,
        0,
        0,
        0,
        0
      ],
      "/var/www/html/funbox/fb_app/app/jobs/application_job.rb": [
        0,
        0
      ]
    },
    "timestamp": 1542724266
  },
  "MiniTest": {
    "coverage": {
      "/var/www/html/funbox/fb_app/app/models/currencies_relation.rb": [
        1,
        1,
        1,
        null
      ],
      "/var/www/html/funbox/fb_app/app/models/application_record.rb": [
        1,
        1,
        null
      ],
      "/var/www/html/funbox/fb_app/app/models/exchange_rate.rb": [
        1,
        1,
        null,
        1,
        null,
        1,
        1,
        null,
        1,
        null,
        1,
        1,
        null,
        1,
        null,
        1,
        1,
        0,
        0,
        0,
        0,
        0,
        null,
        1,
        null,
        null,
        null,
        1,
        0,
        null,
        null,
        null
      ],
      "/var/www/html/funbox/fb_app/app/models/user.rb": [
        1,
        1,
        null,
        1,
        null
      ],
      "/var/www/html/funbox/fb_app/app/controllers/welcome_controller.rb": [
        1,
        1,
        1,
        null,
        1,
        null,
        null,
        1,
        0,
        0,
        0,
        null,
        0,
        null,
        null,
        null
      ],
      "/var/www/html/funbox/fb_app/app/controllers/application_controller.rb": [
        1,
        1,
        null,
        1,
        3,
        null,
        null,
        1,
        1,
        null,
        null
      ],
      "/var/www/html/funbox/fb_app/app/helpers/application_helper.rb": [
        1,
        null
      ],
      "/var/www/html/funbox/fb_app/app/helpers/admin_helper.rb": [
        1,
        null
      ],
      "/var/www/html/funbox/fb_app/app/helpers/exchange_rate_helper.rb": [
        1,
        1,
        0,
        0,
        0,
        null,
        0,
        null,
        null,
        0,
        0,
        0,
        null,
        null,
        null,
        null,
        null,
        1,
        1,
        1,
        null,
        null
      ],
      "/var/www/html/funbox/fb_app/app/helpers/session_helper.rb": [
        1,
        null
      ],
      "/var/www/html/funbox/fb_app/app/helpers/users_helper.rb": [
        1,
        null
      ],
      "/var/www/html/funbox/fb_app/app/helpers/welcome_helper.rb": [
        1,
        null
      ],
      "/var/www/html/funbox/fb_app/app/controllers/admins_controller.rb": [
        1,
        null,
        1,
        null,
        1,
        0,
        0,
        0,
        null,
        0,
        null,
        null,
        1,
        0,
        0,
        0,
        0,
        0,
        null,
        0,
        null,
        null,
        null,
        1,
        0,
        0,
        0,
        null,
        0,
        null,
        null,
        null,
        1,
        null,
        1,
        0,
        null,
        null,
        null,
        null
      ],
      "/var/www/html/funbox/fb_app/app/channels/application_cable/channel.rb": [
        0,
        0,
        0,
        0
      ],
      "/var/www/html/funbox/fb_app/app/channels/application_cable/connection.rb": [
        0,
        0,
        0,
        0
      ],
      "/var/www/html/funbox/fb_app/app/mailers/application_mailer.rb": [
        0,
        0,
        0,
        0
      ],
      "/var/www/html/funbox/fb_app/app/controllers/users_controller.rb": [
        0,
        0,
        0,
        0,
        null,
        0,
        0,
        0,
        0,
        0,
        0,
        0,
        0,
        0,
        null,
        0,
        0,
        0,
        0
      ],
      "/var/www/html/funbox/fb_app/app/controllers/exchange_rates_controller.rb": [
        0,
        null,
        0,
        0,
        null,
        0,
        null,
        0,
        0,
        0,
        null,
        0,
        0,
        0,
        null,
        0,
        0,
        0,
        0,
        0,
        0
      ],
      "/var/www/html/funbox/fb_app/app/controllers/sessions_controller.rb": [
        0,
        0,
        0,
        null,
        0,
        0,
        0,
        0,
        0,
        0,
        null,
        0,
        0,
        0,
        null,
        0,
        0,
        0,
        0,
        0
      ],
      "/var/www/html/funbox/fb_app/app/jobs/application_job.rb": [
        0,
        0
      ]
    },
    "timestamp": 1543178322
  }
}
